[21:09:46] [I] Prof:          23.893ms : initWindow
[21:09:46] [I] Prof:          39.785ms : createInstance
[21:09:46] [I] Prof:           0.060ms : setupDebugCallback
[21:09:46] [I] Prof:           0.046ms : createSurface
[21:09:46] [I] Prof:           4.303ms : pickPhysicalDevice
[21:09:46] [I] Prof:          64.345ms : createLogicalDevice
[21:09:46] [I] Prof:           0.035ms : createCommandPool
[21:09:46] [I] Prof:           0.065ms : createSyncObjects
[21:09:46] [I] Prof:          32.907ms : createTextureImage
[21:09:46] [I] Prof:           0.033ms : createTextureImageView
[21:09:46] [I] Prof:           0.026ms : createTextureSampler
[21:09:46] [I] Prof:           7.208ms : loadModel
[21:09:46] [I] Prof:           0.972ms : createVertexBuffer
[21:09:46] [I] Prof:           0.872ms : createIndexBuffer
[21:09:46] [I] Prof:           0.045ms : createDescriptorSetLayout
[21:09:46] [I] Prof:              15.484ms : createSwapchain
[21:09:46] [I] Prof:               0.027ms : createSwapchainImageViews
[21:09:46] [I] Prof:               0.090ms : createRenderPass
[21:09:46] [I] Prof:               1.700ms : createGraphicsPipeline
[21:09:46] [I] Prof:               0.424ms : createColorResources
[21:09:46] [I] Prof:               1.647ms : createDepthResources
[21:09:46] [I] Prof:               0.029ms : createFramebuffers
[21:09:46] [I] Prof:               0.185ms : createUniformBuffers
[21:09:46] [I] Prof:               0.018ms : createDescriptorPool
[21:09:46] [I] Prof:               0.076ms : createDescriptorSets
[21:09:46] [I] Prof:               0.201ms : createCommandBuffers
[21:09:46] [I] Prof:          21.339ms : createSwapchainAndRelatedThings
[21:09:46] [I] Prof:     198.420ms : init
[21:09:47] [I] Prof:      10.130ms : cleanup
